<?xml version="1.0" encoding="UTF-8"?>
<!-- Generated by org.testng.reporters.JUnitReportReporter -->
<testsuite skipped="0" hostname="DESKTOP-NSCIT4V" name="test.basic" tests="1" failures="0" timestamp="2022-01-21T11:47:39 IST" time="0.006" errors="0">
  <testcase name="demo" time="0.006" classname="test.basic"/>
  <system-out/>
</testsuite> <!-- test.basic -->
