<?xml version="1.0" encoding="UTF-8"?>
<!-- Generated by org.testng.reporters.JUnitReportReporter -->
<testsuite skipped="0" hostname="DESKTOP-NSCIT4V" name="qaclickacdemy.apitest" tests="2" failures="0" timestamp="2021-12-29T17:10:36 IST" time="0.019" errors="0">
  <testcase name="demo" time="0.001" classname="qaclickacdemy.apitest"/>
  <system-out/>
  <testcase name="apitest" time="0.018" classname="qaclickacdemy.apitest"/>
  <system-out/>
</testsuite> <!-- qaclickacdemy.apitest -->
