<?xml version="1.0" encoding="UTF-8"?>
<!-- Generated by org.testng.reporters.JUnitReportReporter -->
<testsuite skipped="0" hostname="DESKTOP-NSCIT4V" name="selenium.exelDDT" tests="1" failures="0" timestamp="2022-01-25T12:38:12 IST" time="0.647" errors="0">
  <testcase name="getSheetName" time="0.647" classname="selenium.exelDDT"/>
  <system-out/>
</testsuite> <!-- selenium.exelDDT -->
